0 info it worked if it ends with ok
1 verbose cli [ 'C:\\Program Files\\nodejs\\node.exe',
1 verbose cli   'C:\\Program Files\\nodejs\\node_modules\\npm\\bin\\npm-cli.js',
1 verbose cli   'install',
1 verbose cli   '--save-dev',
1 verbose cli   'babel-preset-2015',
1 verbose cli   'babel-core' ]
2 info using npm@3.10.10
3 info using node@v6.11.2
4 silly loadCurrentTree Starting
5 silly install loadCurrentTree
6 silly install readLocalPackageData
7 silly fetchPackageMetaData babel-preset-2015
8 silly fetchPackageMetaData babel-core
9 silly fetchNamedPackageData babel-preset-2015
10 silly mapToRegistry name babel-preset-2015
11 silly mapToRegistry using default registry
12 silly mapToRegistry registry http://registry.npm.taobao.org/
13 silly mapToRegistry data Result {
13 silly mapToRegistry   raw: 'babel-preset-2015',
13 silly mapToRegistry   scope: null,
13 silly mapToRegistry   escapedName: 'babel-preset-2015',
13 silly mapToRegistry   name: 'babel-preset-2015',
13 silly mapToRegistry   rawSpec: '',
13 silly mapToRegistry   spec: 'latest',
13 silly mapToRegistry   type: 'tag' }
14 silly mapToRegistry uri http://registry.npm.taobao.org/babel-preset-2015
15 silly fetchNamedPackageData babel-core
16 silly mapToRegistry name babel-core
17 silly mapToRegistry using default registry
18 silly mapToRegistry registry http://registry.npm.taobao.org/
19 silly mapToRegistry data Result {
19 silly mapToRegistry   raw: 'babel-core',
19 silly mapToRegistry   scope: null,
19 silly mapToRegistry   escapedName: 'babel-core',
19 silly mapToRegistry   name: 'babel-core',
19 silly mapToRegistry   rawSpec: '',
19 silly mapToRegistry   spec: 'latest',
19 silly mapToRegistry   type: 'tag' }
20 silly mapToRegistry uri http://registry.npm.taobao.org/babel-core
21 verbose request uri http://registry.npm.taobao.org/babel-preset-2015
22 verbose request no auth needed
23 info attempt registry request try #1 at 20:37:15
24 verbose request id e213d80920a52d5b
25 http request GET http://registry.npm.taobao.org/babel-preset-2015
26 verbose request uri http://registry.npm.taobao.org/babel-core
27 verbose request no auth needed
28 info attempt registry request try #1 at 20:37:15
29 http request GET http://registry.npm.taobao.org/babel-core
30 http 200 http://registry.npm.taobao.org/babel-core
31 verbose headers { server: 'nginx/1.4.6 (Ubuntu)',
31 verbose headers   date: 'Wed, 06 Sep 2017 12:36:55 GMT',
31 verbose headers   'content-type': 'application/json; charset=utf-8',
31 verbose headers   'transfer-encoding': 'chunked',
31 verbose headers   connection: 'keep-alive',
31 verbose headers   'x-current-requests': '1',
31 verbose headers   'x-readtime': '117',
31 verbose headers   'content-encoding': 'gzip' }
32 silly get cb [ 200,
32 silly get   { server: 'nginx/1.4.6 (Ubuntu)',
32 silly get     date: 'Wed, 06 Sep 2017 12:36:55 GMT',
32 silly get     'content-type': 'application/json; charset=utf-8',
32 silly get     'transfer-encoding': 'chunked',
32 silly get     connection: 'keep-alive',
32 silly get     'x-current-requests': '1',
32 silly get     'x-readtime': '117',
32 silly get     'content-encoding': 'gzip' } ]
33 verbose get saving babel-core to C:\Users\Administrator\AppData\Roaming\npm-cache\registry.npm.taobao.org\babel-core\.cache.json
34 verbose correctMkdir C:\Users\Administrator\AppData\Roaming\npm-cache correctMkdir not in flight; initializing
35 http 404 http://registry.npm.taobao.org/babel-preset-2015
36 verbose headers { 'content-type': 'application/json',
36 verbose headers   'cache-control': 'max-age=0',
36 verbose headers   'content-length': '2',
36 verbose headers   'accept-ranges': 'bytes',
36 verbose headers   date: 'Wed, 06 Sep 2017 12:36:57 GMT',
36 verbose headers   via: '1.1 varnish',
36 verbose headers   age: '0',
36 verbose headers   connection: 'close',
36 verbose headers   'x-served-by': 'cache-nrt6125-NRT',
36 verbose headers   'x-cache': 'MISS',
36 verbose headers   'x-cache-hits': '0',
36 verbose headers   'x-timer': 'S1504701417.697985,VS0,VE897',
36 verbose headers   vary: 'Accept-Encoding' }
37 silly get cb [ 404,
37 silly get   { 'content-type': 'application/json',
37 silly get     'cache-control': 'max-age=0',
37 silly get     'content-length': '2',
37 silly get     'accept-ranges': 'bytes',
37 silly get     date: 'Wed, 06 Sep 2017 12:36:57 GMT',
37 silly get     via: '1.1 varnish',
37 silly get     age: '0',
37 silly get     connection: 'close',
37 silly get     'x-served-by': 'cache-nrt6125-NRT',
37 silly get     'x-cache': 'MISS',
37 silly get     'x-cache-hits': '0',
37 silly get     'x-timer': 'S1504701417.697985,VS0,VE897',
37 silly get     vary: 'Accept-Encoding' } ]
38 silly fetchPackageMetaData Error: Registry returned 404 for GET on http://registry.npm.taobao.org/babel-preset-2015
38 silly fetchPackageMetaData     at makeError (C:\Program Files\nodejs\node_modules\npm\node_modules\npm-registry-client\lib\request.js:302:12)
38 silly fetchPackageMetaData     at CachingRegistryClient.<anonymous> (C:\Program Files\nodejs\node_modules\npm\node_modules\npm-registry-client\lib\request.js:280:14)
38 silly fetchPackageMetaData     at Request._callback (C:\Program Files\nodejs\node_modules\npm\node_modules\npm-registry-client\lib\request.js:210:14)
38 silly fetchPackageMetaData     at Request.self.callback (C:\Program Files\nodejs\node_modules\npm\node_modules\request\request.js:187:22)
38 silly fetchPackageMetaData     at emitTwo (events.js:106:13)
38 silly fetchPackageMetaData     at Request.emit (events.js:191:7)
38 silly fetchPackageMetaData     at Request.<anonymous> (C:\Program Files\nodejs\node_modules\npm\node_modules\request\request.js:1048:10)
38 silly fetchPackageMetaData     at emitOne (events.js:96:13)
38 silly fetchPackageMetaData     at Request.emit (events.js:188:7)
38 silly fetchPackageMetaData     at IncomingMessage.<anonymous> (C:\Program Files\nodejs\node_modules\npm\node_modules\request\request.js:969:12)
38 silly fetchPackageMetaData  error for babel-preset-2015 { Error: Registry returned 404 for GET on http://registry.npm.taobao.org/babel-preset-2015
38 silly fetchPackageMetaData     at makeError (C:\Program Files\nodejs\node_modules\npm\node_modules\npm-registry-client\lib\request.js:302:12)
38 silly fetchPackageMetaData     at CachingRegistryClient.<anonymous> (C:\Program Files\nodejs\node_modules\npm\node_modules\npm-registry-client\lib\request.js:280:14)
38 silly fetchPackageMetaData     at Request._callback (C:\Program Files\nodejs\node_modules\npm\node_modules\npm-registry-client\lib\request.js:210:14)
38 silly fetchPackageMetaData     at Request.self.callback (C:\Program Files\nodejs\node_modules\npm\node_modules\request\request.js:187:22)
38 silly fetchPackageMetaData     at emitTwo (events.js:106:13)
38 silly fetchPackageMetaData     at Request.emit (events.js:191:7)
38 silly fetchPackageMetaData     at Request.<anonymous> (C:\Program Files\nodejs\node_modules\npm\node_modules\request\request.js:1048:10)
38 silly fetchPackageMetaData     at emitOne (events.js:96:13)
38 silly fetchPackageMetaData     at Request.emit (events.js:188:7)
38 silly fetchPackageMetaData     at IncomingMessage.<anonymous> (C:\Program Files\nodejs\node_modules\npm\node_modules\request\request.js:969:12) pkgid: 'babel-preset-2015', statusCode: 404, code: 'E404' }
39 silly rollbackFailedOptional Starting
40 silly rollbackFailedOptional Finishing
41 silly runTopLevelLifecycles Finishing
42 silly install printInstalled
43 verbose stack Error: Registry returned 404 for GET on http://registry.npm.taobao.org/babel-preset-2015
43 verbose stack     at makeError (C:\Program Files\nodejs\node_modules\npm\node_modules\npm-registry-client\lib\request.js:302:12)
43 verbose stack     at CachingRegistryClient.<anonymous> (C:\Program Files\nodejs\node_modules\npm\node_modules\npm-registry-client\lib\request.js:280:14)
43 verbose stack     at Request._callback (C:\Program Files\nodejs\node_modules\npm\node_modules\npm-registry-client\lib\request.js:210:14)
43 verbose stack     at Request.self.callback (C:\Program Files\nodejs\node_modules\npm\node_modules\request\request.js:187:22)
43 verbose stack     at emitTwo (events.js:106:13)
43 verbose stack     at Request.emit (events.js:191:7)
43 verbose stack     at Request.<anonymous> (C:\Program Files\nodejs\node_modules\npm\node_modules\request\request.js:1048:10)
43 verbose stack     at emitOne (events.js:96:13)
43 verbose stack     at Request.emit (events.js:188:7)
43 verbose stack     at IncomingMessage.<anonymous> (C:\Program Files\nodejs\node_modules\npm\node_modules\request\request.js:969:12)
44 verbose statusCode 404
45 verbose pkgid babel-preset-2015
46 verbose cwd D:\CODING\reading-notes\ES6
47 error Windows_NT 10.0.15063
48 error argv "C:\\Program Files\\nodejs\\node.exe" "C:\\Program Files\\nodejs\\node_modules\\npm\\bin\\npm-cli.js" "install" "--save-dev" "babel-preset-2015" "babel-core"
49 error node v6.11.2
50 error npm  v3.10.10
51 error code E404
52 error 404 Registry returned 404 for GET on http://registry.npm.taobao.org/babel-preset-2015
53 error 404
54 error 404 'babel-preset-2015' is not in the npm registry.
55 error 404 You should bug the author to publish it (or use the name yourself!)
56 error 404 Note that you can also install from a
57 error 404 tarball, folder, http url, or git url.
58 verbose exit [ 1, true ]
